Using pre-set license
Built from '2020.2/staging' branch; Version is '2020.2.7f1 (c53830e277f1) revision 12924976'; Using compiler version '192528614'; Build Type 'Release'
OS: 'Windows 10 Pro; OS build 22623.1020; Version 2009; 64bit' Language: 'zh' Physical Memory: 8006 MB
BatchMode: 1, IsHumanControllingUs: 0, StartBugReporterOnCrash: 0, Is64bit: 1, IsPro: 0

 COMMAND LINE ARGUMENTS:
C:\Program Files\Unity 2020\Editor\Unity.exe
-adb2
-batchMode
-noUpm
-name
AssetImportWorker0
-projectPath
D:/MyProjects/GitHubProject/PICO-8
-logFile
Logs/AssetImportWorker0.log
-srvPort
61650
Successfully changed project path to: D:/MyProjects/GitHubProject/PICO-8
D:/MyProjects/GitHubProject/PICO-8
Using Asset Import Pipeline V2.
Refreshing native plugins compatible for Editor in 69.02 ms, found 0 plugins.
Preloading 0 native plugins for Editor in 0.00 ms.
Initialize engine version: 2020.2.7f1 (c53830e277f1)
[Subsystems] Discovering subsystems at path C:/Program Files/Unity 2020/Editor/Data/Resources/UnitySubsystems
[Subsystems] Discovering subsystems at path D:/MyProjects/GitHubProject/PICO-8/Assets
GfxDevice: creating device client; threaded=0
Direct3D:
    Version:  Direct3D 11.0 [level 11.1]
    Renderer: NVIDIA GeForce MX150 (ID=0x1d12)
    Vendor:   
    VRAM:     1983 MB
    Driver:   30.0.15.1169
Initialize mono
Mono path[0] = 'C:/Program Files/Unity 2020/Editor/Data/Managed'
Mono path[1] = 'C:/Program Files/Unity 2020/Editor/Data/MonoBleedingEdge/lib/mono/unityjit'
Mono config path = 'C:/Program Files/Unity 2020/Editor/Data/MonoBleedingEdge/etc'
Using monoOptions --debugger-agent=transport=dt_socket,embedding=1,server=y,suspend=n,address=127.0.0.1:56564
Begin MonoManager ReloadAssembly
Registering precompiled unity dll's ...
Register platform support module: C:/Program Files/Unity 2020/Editor/Data/PlaybackEngines/WindowsStandaloneSupport/UnityEditor.WindowsStandalone.Extensions.dll
Registered in 0.003765 seconds.
Native extension for WindowsStandalone target not found
Refreshing native plugins compatible for Editor in 62.59 ms, found 0 plugins.
Preloading 0 native plugins for Editor in 0.00 ms.
Invoked RoslynAnalysisRunner static constructor.
RoslynAnalysisRunner will not be running.
RoslynAnalysisRunner has terminated.
Mono: successfully reloaded assembly
- Completed reload, in  2.102 seconds
Platform modules already initialized, skipping
Registering precompiled user dll's ...
Registered in 0.012943 seconds.
Begin MonoManager ReloadAssembly
Native extension for WindowsStandalone target not found
Refreshing native plugins compatible for Editor in 0.78 ms, found 0 plugins.
Preloading 0 native plugins for Editor in 0.00 ms.
Invoked RoslynAnalysisRunner static constructor.
RoslynAnalysisRunner will not be running.
RoslynAnalysisRunner has terminated.
Mono: successfully reloaded assembly
- Completed reload, in  2.399 seconds
Platform modules already initialized, skipping
========================================================================
Worker process is ready to serve import requests
Launched and connected shader compiler UnityShaderCompiler.exe after 0.10 seconds
Refreshing native plugins compatible for Editor in 0.73 ms, found 0 plugins.
Preloading 0 native plugins for Editor in 0.00 ms.
Unloading 1507 Unused Serialized files (Serialized files now loaded: 0)
System memory in use before: 68.9 MB.
System memory in use after: 69.0 MB.

Unloading 48 unused Assets to reduce memory usage. Loaded Objects now: 1978.
Total: 27.350000 ms (FindLiveObjects: 0.279800 ms CreateObjectMapping: 0.101300 ms MarkObjects: 26.845300 ms  DeleteObjects: 0.121500 ms)

========================================================================
Received Import Request.
  path: Assets/Animations/Player/Player.controller
  artifactKey: Guid(712aa8f64a44da840892fbe231b2c3f8) Importer(815301076,1909f56bfc062723c751e8b465ee728b)
Start importing Assets/Animations/Player/Player.controller using Guid(712aa8f64a44da840892fbe231b2c3f8) Importer(815301076,1909f56bfc062723c751e8b465ee728b)  -> (artifact id: '8425f8980b6f199c1b0a6b7d3bc61851') in 0.088432 seconds
  Import took 0.094508 seconds .

========================================================================
Received Import Request.
  Time since last request: 181.567683 seconds.
  path: Assets/Scripts/Player.cs
  artifactKey: Guid(506ecfbb83f8fb348841b6da8c1a8186) Importer(815301076,1909f56bfc062723c751e8b465ee728b)
Start importing Assets/Scripts/Player.cs using Guid(506ecfbb83f8fb348841b6da8c1a8186) Importer(815301076,1909f56bfc062723c751e8b465ee728b)  -> (artifact id: '3d8be0e08cc8bc4640a3e8686b335f07') in 0.013360 seconds
  Import took 0.018503 seconds .

========================================================================
Received Prepare
Registering precompiled user dll's ...
Registered in 0.017067 seconds.
Begin MonoManager ReloadAssembly
Native extension for WindowsStandalone target not found
Refreshing native plugins compatible for Editor in 1.08 ms, found 0 plugins.
Preloading 0 native plugins for Editor in 0.00 ms.
Invoked RoslynAnalysisRunner static constructor.
RoslynAnalysisRunner will not be running.
RoslynAnalysisRunner has terminated.
Mono: successfully reloaded assembly
- Completed reload, in  1.778 seconds
Platform modules already initialized, skipping
Refreshing native plugins compatible for Editor in 0.66 ms, found 0 plugins.
Preloading 0 native plugins for Editor in 0.00 ms.
Unloading 1501 Unused Serialized files (Serialized files now loaded: 0)
System memory in use before: 83.2 MB.
System memory in use after: 83.3 MB.

Unloading 39 unused Assets to reduce memory usage. Loaded Objects now: 1982.
Total: 19.889100 ms (FindLiveObjects: 0.371300 ms CreateObjectMapping: 0.125400 ms MarkObjects: 19.350800 ms  DeleteObjects: 0.039400 ms)

========================================================================
Received Import Request.
  Time since last request: 93.038151 seconds.
  path: Assets/Animations/Player/Player.controller
  artifactKey: Guid(712aa8f64a44da840892fbe231b2c3f8) Importer(815301076,1909f56bfc062723c751e8b465ee728b)
Start importing Assets/Animations/Player/Player.controller using Guid(712aa8f64a44da840892fbe231b2c3f8) Importer(815301076,1909f56bfc062723c751e8b465ee728b)  -> (artifact id: '5da48b22504a36cda81cb6a91dfda566') in 0.045191 seconds
  Import took 0.070647 seconds .

========================================================================
Received Import Request.
  Time since last request: 17.690183 seconds.
  path: Assets/Animations/Player/Run.anim
  artifactKey: Guid(4f4dbfbfec43e154eb50a68ebc340f1a) Importer(815301076,1909f56bfc062723c751e8b465ee728b)
Start importing Assets/Animations/Player/Run.anim using Guid(4f4dbfbfec43e154eb50a68ebc340f1a) Importer(815301076,1909f56bfc062723c751e8b465ee728b)  -> (artifact id: '565ffad320b47d333a0bf86500de1c29') in 0.009360 seconds
  Import took 0.013323 seconds .

========================================================================
Received Import Request.
  Time since last request: 0.015988 seconds.
  path: Assets/Animations/Player/Run.anim
  artifactKey: Guid(4f4dbfbfec43e154eb50a68ebc340f1a) Importer(815301076,1909f56bfc062723c751e8b465ee728b)
Start importing Assets/Animations/Player/Run.anim using Guid(4f4dbfbfec43e154eb50a68ebc340f1a) Importer(815301076,1909f56bfc062723c751e8b465ee728b)  -> (artifact id: '565ffad320b47d333a0bf86500de1c29') in 0.005524 seconds
  Import took 0.010226 seconds .

========================================================================
Received Prepare
Registering precompiled user dll's ...
Registered in 0.017317 seconds.
Begin MonoManager ReloadAssembly
Native extension for WindowsStandalone target not found
Refreshing native plugins compatible for Editor in 0.79 ms, found 0 plugins.
Preloading 0 native plugins for Editor in 0.00 ms.
Invoked RoslynAnalysisRunner static constructor.
RoslynAnalysisRunner will not be running.
RoslynAnalysisRunner has terminated.
Mono: successfully reloaded assembly
- Completed reload, in  3.059 seconds
Platform modules already initialized, skipping
Refreshing native plugins compatible for Editor in 0.73 ms, found 0 plugins.
Preloading 0 native plugins for Editor in 0.00 ms.
Unloading 1501 Unused Serialized files (Serialized files now loaded: 0)
System memory in use before: 83.3 MB.
System memory in use after: 83.4 MB.

Unloading 39 unused Assets to reduce memory usage. Loaded Objects now: 1985.
Total: 31.667900 ms (FindLiveObjects: 1.311300 ms CreateObjectMapping: 0.158400 ms MarkObjects: 30.083000 ms  DeleteObjects: 0.111900 ms)

